#-----------------------------------------------------------
# Vivado v2019.2 (64-bit)
# SW Build 2708876 on Wed Nov  6 21:40:23 MST 2019
# IP Build 2700528 on Thu Nov  7 00:09:20 MST 2019
# Start of session at: Wed Oct  5 13:59:56 2022
# Process ID: 11924
# Current directory: C:/Users/wuzirui/Desktop/SimPU-main
# Command line: vivado.exe -gui_launcher_event rodinguilauncherevent5784 C:\Users\wuzirui\Desktop\SimPU-main\SimPU.xpr
# Log file: C:/Users/wuzirui/Desktop/SimPU-main/vivado.log
# Journal file: C:/Users/wuzirui/Desktop/SimPU-main\vivado.jou
#-----------------------------------------------------------
start_gui
open_project C:/Users/wuzirui/Desktop/SimPU-main/SimPU.xpr
INFO: [Project 1-313] Project file moved from 'C:/Users/wuzirui/Desktop/VivadoProjects/SimPU' since last save.
CRITICAL WARNING: [Project 1-311] Could not find the file 'C:/Users/wuzirui/Desktop/SimPU-main/SimPU.sim/testbench_behav.wcfg', nor could it be found using path 'C:/Users/wuzirui/Desktop/VivadoProjects/SimPU/SimPU.sim/testbench_behav.wcfg'.
Scanning sources...
Finished scanning sources
WARNING: [Project 1-509] GeneratedRun file for 'synth_1' not found
WARNING: [filemgmt 56-2] IPUserFilesDir: Could not find the directory 'C:/Users/wuzirui/Desktop/SimPU-main/SimPU.ip_user_files', nor could it be found using path 'C:/Users/wuzirui/Desktop/VivadoProjects/SimPU/SimPU.ip_user_files'.
INFO: [IP_Flow 19-234] Refreshing IP repositories
INFO: [IP_Flow 19-1704] No user IP repositories specified
INFO: [IP_Flow 19-2313] Loaded Vivado IP repository 'C:/Xilinx/Vivado/2019.2/data/ip'.
open_project: Time (s): cpu = 00:00:13 ; elapsed = 00:00:06 . Memory (MB): peak = 763.480 ; gain = 105.445
update_compile_order -fileset sources_1
synth_design -rtl -name rtl_1
Command: synth_design -rtl -name rtl_1
Starting synth_design
Using part: xc7a35tcsg324-1
Top: simpu
INFO: [Device 21-403] Loading part xc7a35tcsg324-1
---------------------------------------------------------------------------------
Starting RTL Elaboration : Time (s): cpu = 00:00:04 ; elapsed = 00:00:04 . Memory (MB): peak = 1282.391 ; gain = 226.570
---------------------------------------------------------------------------------
INFO: [Synth 8-6157] synthesizing module 'simpu' [C:/Users/wuzirui/Desktop/SimPU-main/SimPU.srcs/sources_1/new/simpu.v:3]
INFO: [Synth 8-6157] synthesizing module 'simpc' [C:/Users/wuzirui/Desktop/SimPU-main/SimPU.srcs/sources_1/new/simpc.v:24]
INFO: [Synth 8-6155] done synthesizing module 'simpc' (1#1) [C:/Users/wuzirui/Desktop/SimPU-main/SimPU.srcs/sources_1/new/simpc.v:24]
INFO: [Synth 8-6157] synthesizing module 'nextpc' [C:/Users/wuzirui/Desktop/SimPU-main/SimPU.srcs/sources_1/new/nextpc.v:25]
INFO: [Synth 8-6155] done synthesizing module 'nextpc' (2#1) [C:/Users/wuzirui/Desktop/SimPU-main/SimPU.srcs/sources_1/new/nextpc.v:25]
INFO: [Synth 8-6157] synthesizing module 'instruction_mem' [C:/Users/wuzirui/Desktop/SimPU-main/SimPU.srcs/sources_1/new/instruction_mem.v:25]

Warning: Trying to implement RAM in registers. Block RAM or DRAM implementation is not possible for one or more of the following reasons :
	1: Unable to determine number of words or word size in RAM. 
	2: No valid read/write found for RAM. 
RAM dissolved into registers
WARNING: [Synth 8-3848] Net inst_mem in module/entity instruction_mem does not have driver. [C:/Users/wuzirui/Desktop/SimPU-main/SimPU.srcs/sources_1/new/instruction_mem.v:29]
WARNING: [Synth 8-3848] Net inst_mem in module/entity instruction_mem does not have driver. [C:/Users/wuzirui/Desktop/SimPU-main/SimPU.srcs/sources_1/new/instruction_mem.v:29]
WARNING: [Synth 8-3848] Net inst_mem in module/entity instruction_mem does not have driver. [C:/Users/wuzirui/Desktop/SimPU-main/SimPU.srcs/sources_1/new/instruction_mem.v:29]
WARNING: [Synth 8-3848] Net inst_mem in module/entity instruction_mem does not have driver. [C:/Users/wuzirui/Desktop/SimPU-main/SimPU.srcs/sources_1/new/instruction_mem.v:29]
WARNING: [Synth 8-3848] Net inst_mem in module/entity instruction_mem does not have driver. [C:/Users/wuzirui/Desktop/SimPU-main/SimPU.srcs/sources_1/new/instruction_mem.v:29]
WARNING: [Synth 8-3848] Net inst_mem in module/entity instruction_mem does not have driver. [C:/Users/wuzirui/Desktop/SimPU-main/SimPU.srcs/sources_1/new/instruction_mem.v:29]
WARNING: [Synth 8-3848] Net inst_mem in module/entity instruction_mem does not have driver. [C:/Users/wuzirui/Desktop/SimPU-main/SimPU.srcs/sources_1/new/instruction_mem.v:29]
WARNING: [Synth 8-3848] Net inst_mem in module/entity instruction_mem does not have driver. [C:/Users/wuzirui/Desktop/SimPU-main/SimPU.srcs/sources_1/new/instruction_mem.v:29]
WARNING: [Synth 8-3848] Net inst_mem in module/entity instruction_mem does not have driver. [C:/Users/wuzirui/Desktop/SimPU-main/SimPU.srcs/sources_1/new/instruction_mem.v:29]
WARNING: [Synth 8-3848] Net inst_mem in module/entity instruction_mem does not have driver. [C:/Users/wuzirui/Desktop/SimPU-main/SimPU.srcs/sources_1/new/instruction_mem.v:29]
WARNING: [Synth 8-3848] Net inst_mem in module/entity instruction_mem does not have driver. [C:/Users/wuzirui/Desktop/SimPU-main/SimPU.srcs/sources_1/new/instruction_mem.v:29]
WARNING: [Synth 8-3848] Net inst_mem in module/entity instruction_mem does not have driver. [C:/Users/wuzirui/Desktop/SimPU-main/SimPU.srcs/sources_1/new/instruction_mem.v:29]
WARNING: [Synth 8-3848] Net inst_mem in module/entity instruction_mem does not have driver. [C:/Users/wuzirui/Desktop/SimPU-main/SimPU.srcs/sources_1/new/instruction_mem.v:29]
WARNING: [Synth 8-3848] Net inst_mem in module/entity instruction_mem does not have driver. [C:/Users/wuzirui/Desktop/SimPU-main/SimPU.srcs/sources_1/new/instruction_mem.v:29]
WARNING: [Synth 8-3848] Net inst_mem in module/entity instruction_mem does not have driver. [C:/Users/wuzirui/Desktop/SimPU-main/SimPU.srcs/sources_1/new/instruction_mem.v:29]
WARNING: [Synth 8-3848] Net inst_mem in module/entity instruction_mem does not have driver. [C:/Users/wuzirui/Desktop/SimPU-main/SimPU.srcs/sources_1/new/instruction_mem.v:29]
WARNING: [Synth 8-3848] Net inst_mem in module/entity instruction_mem does not have driver. [C:/Users/wuzirui/Desktop/SimPU-main/SimPU.srcs/sources_1/new/instruction_mem.v:29]
WARNING: [Synth 8-3848] Net inst_mem in module/entity instruction_mem does not have driver. [C:/Users/wuzirui/Desktop/SimPU-main/SimPU.srcs/sources_1/new/instruction_mem.v:29]
WARNING: [Synth 8-3848] Net inst_mem in module/entity instruction_mem does not have driver. [C:/Users/wuzirui/Desktop/SimPU-main/SimPU.srcs/sources_1/new/instruction_mem.v:29]
WARNING: [Synth 8-3848] Net inst_mem in module/entity instruction_mem does not have driver. [C:/Users/wuzirui/Desktop/SimPU-main/SimPU.srcs/sources_1/new/instruction_mem.v:29]
WARNING: [Synth 8-3848] Net inst_mem in module/entity instruction_mem does not have driver. [C:/Users/wuzirui/Desktop/SimPU-main/SimPU.srcs/sources_1/new/instruction_mem.v:29]
WARNING: [Synth 8-3848] Net inst_mem in module/entity instruction_mem does not have driver. [C:/Users/wuzirui/Desktop/SimPU-main/SimPU.srcs/sources_1/new/instruction_mem.v:29]
WARNING: [Synth 8-3848] Net inst_mem in module/entity instruction_mem does not have driver. [C:/Users/wuzirui/Desktop/SimPU-main/SimPU.srcs/sources_1/new/instruction_mem.v:29]
WARNING: [Synth 8-3848] Net inst_mem in module/entity instruction_mem does not have driver. [C:/Users/wuzirui/Desktop/SimPU-main/SimPU.srcs/sources_1/new/instruction_mem.v:29]
WARNING: [Synth 8-3848] Net inst_mem in module/entity instruction_mem does not have driver. [C:/Users/wuzirui/Desktop/SimPU-main/SimPU.srcs/sources_1/new/instruction_mem.v:29]
WARNING: [Synth 8-3848] Net inst_mem in module/entity instruction_mem does not have driver. [C:/Users/wuzirui/Desktop/SimPU-main/SimPU.srcs/sources_1/new/instruction_mem.v:29]
WARNING: [Synth 8-3848] Net inst_mem in module/entity instruction_mem does not have driver. [C:/Users/wuzirui/Desktop/SimPU-main/SimPU.srcs/sources_1/new/instruction_mem.v:29]
WARNING: [Synth 8-3848] Net inst_mem in module/entity instruction_mem does not have driver. [C:/Users/wuzirui/Desktop/SimPU-main/SimPU.srcs/sources_1/new/instruction_mem.v:29]
WARNING: [Synth 8-3848] Net inst_mem in module/entity instruction_mem does not have driver. [C:/Users/wuzirui/Desktop/SimPU-main/SimPU.srcs/sources_1/new/instruction_mem.v:29]
WARNING: [Synth 8-3848] Net inst_mem in module/entity instruction_mem does not have driver. [C:/Users/wuzirui/Desktop/SimPU-main/SimPU.srcs/sources_1/new/instruction_mem.v:29]
WARNING: [Synth 8-3848] Net inst_mem in module/entity instruction_mem does not have driver. [C:/Users/wuzirui/Desktop/SimPU-main/SimPU.srcs/sources_1/new/instruction_mem.v:29]
WARNING: [Synth 8-3848] Net inst_mem in module/entity instruction_mem does not have driver. [C:/Users/wuzirui/Desktop/SimPU-main/SimPU.srcs/sources_1/new/instruction_mem.v:29]
WARNING: [Synth 8-3848] Net inst_mem in module/entity instruction_mem does not have driver. [C:/Users/wuzirui/Desktop/SimPU-main/SimPU.srcs/sources_1/new/instruction_mem.v:29]
WARNING: [Synth 8-3848] Net inst_mem in module/entity instruction_mem does not have driver. [C:/Users/wuzirui/Desktop/SimPU-main/SimPU.srcs/sources_1/new/instruction_mem.v:29]
WARNING: [Synth 8-3848] Net inst_mem in module/entity instruction_mem does not have driver. [C:/Users/wuzirui/Desktop/SimPU-main/SimPU.srcs/sources_1/new/instruction_mem.v:29]
WARNING: [Synth 8-3848] Net inst_mem in module/entity instruction_mem does not have driver. [C:/Users/wuzirui/Desktop/SimPU-main/SimPU.srcs/sources_1/new/instruction_mem.v:29]
WARNING: [Synth 8-3848] Net inst_mem in module/entity instruction_mem does not have driver. [C:/Users/wuzirui/Desktop/SimPU-main/SimPU.srcs/sources_1/new/instruction_mem.v:29]
WARNING: [Synth 8-3848] Net inst_mem in module/entity instruction_mem does not have driver. [C:/Users/wuzirui/Desktop/SimPU-main/SimPU.srcs/sources_1/new/instruction_mem.v:29]
WARNING: [Synth 8-3848] Net inst_mem in module/entity instruction_mem does not have driver. [C:/Users/wuzirui/Desktop/SimPU-main/SimPU.srcs/sources_1/new/instruction_mem.v:29]
WARNING: [Synth 8-3848] Net inst_mem in module/entity instruction_mem does not have driver. [C:/Users/wuzirui/Desktop/SimPU-main/SimPU.srcs/sources_1/new/instruction_mem.v:29]
WARNING: [Synth 8-3848] Net inst_mem in module/entity instruction_mem does not have driver. [C:/Users/wuzirui/Desktop/SimPU-main/SimPU.srcs/sources_1/new/instruction_mem.v:29]
WARNING: [Synth 8-3848] Net inst_mem in module/entity instruction_mem does not have driver. [C:/Users/wuzirui/Desktop/SimPU-main/SimPU.srcs/sources_1/new/instruction_mem.v:29]
WARNING: [Synth 8-3848] Net inst_mem in module/entity instruction_mem does not have driver. [C:/Users/wuzirui/Desktop/SimPU-main/SimPU.srcs/sources_1/new/instruction_mem.v:29]
WARNING: [Synth 8-3848] Net inst_mem in module/entity instruction_mem does not have driver. [C:/Users/wuzirui/Desktop/SimPU-main/SimPU.srcs/sources_1/new/instruction_mem.v:29]
WARNING: [Synth 8-3848] Net inst_mem in module/entity instruction_mem does not have driver. [C:/Users/wuzirui/Desktop/SimPU-main/SimPU.srcs/sources_1/new/instruction_mem.v:29]
WARNING: [Synth 8-3848] Net inst_mem in module/entity instruction_mem does not have driver. [C:/Users/wuzirui/Desktop/SimPU-main/SimPU.srcs/sources_1/new/instruction_mem.v:29]
WARNING: [Synth 8-3848] Net inst_mem in module/entity instruction_mem does not have driver. [C:/Users/wuzirui/Desktop/SimPU-main/SimPU.srcs/sources_1/new/instruction_mem.v:29]
WARNING: [Synth 8-3848] Net inst_mem in module/entity instruction_mem does not have driver. [C:/Users/wuzirui/Desktop/SimPU-main/SimPU.srcs/sources_1/new/instruction_mem.v:29]
WARNING: [Synth 8-3848] Net inst_mem in module/entity instruction_mem does not have driver. [C:/Users/wuzirui/Desktop/SimPU-main/SimPU.srcs/sources_1/new/instruction_mem.v:29]
WARNING: [Synth 8-3848] Net inst_mem in module/entity instruction_mem does not have driver. [C:/Users/wuzirui/Desktop/SimPU-main/SimPU.srcs/sources_1/new/instruction_mem.v:29]
WARNING: [Synth 8-3848] Net inst_mem in module/entity instruction_mem does not have driver. [C:/Users/wuzirui/Desktop/SimPU-main/SimPU.srcs/sources_1/new/instruction_mem.v:29]
WARNING: [Synth 8-3848] Net inst_mem in module/entity instruction_mem does not have driver. [C:/Users/wuzirui/Desktop/SimPU-main/SimPU.srcs/sources_1/new/instruction_mem.v:29]
WARNING: [Synth 8-3848] Net inst_mem in module/entity instruction_mem does not have driver. [C:/Users/wuzirui/Desktop/SimPU-main/SimPU.srcs/sources_1/new/instruction_mem.v:29]
WARNING: [Synth 8-3848] Net inst_mem in module/entity instruction_mem does not have driver. [C:/Users/wuzirui/Desktop/SimPU-main/SimPU.srcs/sources_1/new/instruction_mem.v:29]
WARNING: [Synth 8-3848] Net inst_mem in module/entity instruction_mem does not have driver. [C:/Users/wuzirui/Desktop/SimPU-main/SimPU.srcs/sources_1/new/instruction_mem.v:29]
WARNING: [Synth 8-3848] Net inst_mem in module/entity instruction_mem does not have driver. [C:/Users/wuzirui/Desktop/SimPU-main/SimPU.srcs/sources_1/new/instruction_mem.v:29]
WARNING: [Synth 8-3848] Net inst_mem in module/entity instruction_mem does not have driver. [C:/Users/wuzirui/Desktop/SimPU-main/SimPU.srcs/sources_1/new/instruction_mem.v:29]
WARNING: [Synth 8-3848] Net inst_mem in module/entity instruction_mem does not have driver. [C:/Users/wuzirui/Desktop/SimPU-main/SimPU.srcs/sources_1/new/instruction_mem.v:29]
WARNING: [Synth 8-3848] Net inst_mem in module/entity instruction_mem does not have driver. [C:/Users/wuzirui/Desktop/SimPU-main/SimPU.srcs/sources_1/new/instruction_mem.v:29]
WARNING: [Synth 8-3848] Net inst_mem in module/entity instruction_mem does not have driver. [C:/Users/wuzirui/Desktop/SimPU-main/SimPU.srcs/sources_1/new/instruction_mem.v:29]
WARNING: [Synth 8-3848] Net inst_mem in module/entity instruction_mem does not have driver. [C:/Users/wuzirui/Desktop/SimPU-main/SimPU.srcs/sources_1/new/instruction_mem.v:29]
WARNING: [Synth 8-3848] Net inst_mem in module/entity instruction_mem does not have driver. [C:/Users/wuzirui/Desktop/SimPU-main/SimPU.srcs/sources_1/new/instruction_mem.v:29]
WARNING: [Synth 8-3848] Net inst_mem in module/entity instruction_mem does not have driver. [C:/Users/wuzirui/Desktop/SimPU-main/SimPU.srcs/sources_1/new/instruction_mem.v:29]
WARNING: [Synth 8-3848] Net inst_mem in module/entity instruction_mem does not have driver. [C:/Users/wuzirui/Desktop/SimPU-main/SimPU.srcs/sources_1/new/instruction_mem.v:29]
WARNING: [Synth 8-3848] Net inst_mem in module/entity instruction_mem does not have driver. [C:/Users/wuzirui/Desktop/SimPU-main/SimPU.srcs/sources_1/new/instruction_mem.v:29]
WARNING: [Synth 8-3848] Net inst_mem in module/entity instruction_mem does not have driver. [C:/Users/wuzirui/Desktop/SimPU-main/SimPU.srcs/sources_1/new/instruction_mem.v:29]
WARNING: [Synth 8-3848] Net inst_mem in module/entity instruction_mem does not have driver. [C:/Users/wuzirui/Desktop/SimPU-main/SimPU.srcs/sources_1/new/instruction_mem.v:29]
WARNING: [Synth 8-3848] Net inst_mem in module/entity instruction_mem does not have driver. [C:/Users/wuzirui/Desktop/SimPU-main/SimPU.srcs/sources_1/new/instruction_mem.v:29]
WARNING: [Synth 8-3848] Net inst_mem in module/entity instruction_mem does not have driver. [C:/Users/wuzirui/Desktop/SimPU-main/SimPU.srcs/sources_1/new/instruction_mem.v:29]
WARNING: [Synth 8-3848] Net inst_mem in module/entity instruction_mem does not have driver. [C:/Users/wuzirui/Desktop/SimPU-main/SimPU.srcs/sources_1/new/instruction_mem.v:29]
WARNING: [Synth 8-3848] Net inst_mem in module/entity instruction_mem does not have driver. [C:/Users/wuzirui/Desktop/SimPU-main/SimPU.srcs/sources_1/new/instruction_mem.v:29]
WARNING: [Synth 8-3848] Net inst_mem in module/entity instruction_mem does not have driver. [C:/Users/wuzirui/Desktop/SimPU-main/SimPU.srcs/sources_1/new/instruction_mem.v:29]
WARNING: [Synth 8-3848] Net inst_mem in module/entity instruction_mem does not have driver. [C:/Users/wuzirui/Desktop/SimPU-main/SimPU.srcs/sources_1/new/instruction_mem.v:29]
WARNING: [Synth 8-3848] Net inst_mem in module/entity instruction_mem does not have driver. [C:/Users/wuzirui/Desktop/SimPU-main/SimPU.srcs/sources_1/new/instruction_mem.v:29]
WARNING: [Synth 8-3848] Net inst_mem in module/entity instruction_mem does not have driver. [C:/Users/wuzirui/Desktop/SimPU-main/SimPU.srcs/sources_1/new/instruction_mem.v:29]
WARNING: [Synth 8-3848] Net inst_mem in module/entity instruction_mem does not have driver. [C:/Users/wuzirui/Desktop/SimPU-main/SimPU.srcs/sources_1/new/instruction_mem.v:29]
WARNING: [Synth 8-3848] Net inst_mem in module/entity instruction_mem does not have driver. [C:/Users/wuzirui/Desktop/SimPU-main/SimPU.srcs/sources_1/new/instruction_mem.v:29]
WARNING: [Synth 8-3848] Net inst_mem in module/entity instruction_mem does not have driver. [C:/Users/wuzirui/Desktop/SimPU-main/SimPU.srcs/sources_1/new/instruction_mem.v:29]
WARNING: [Synth 8-3848] Net inst_mem in module/entity instruction_mem does not have driver. [C:/Users/wuzirui/Desktop/SimPU-main/SimPU.srcs/sources_1/new/instruction_mem.v:29]
WARNING: [Synth 8-3848] Net inst_mem in module/entity instruction_mem does not have driver. [C:/Users/wuzirui/Desktop/SimPU-main/SimPU.srcs/sources_1/new/instruction_mem.v:29]
WARNING: [Synth 8-3848] Net inst_mem in module/entity instruction_mem does not have driver. [C:/Users/wuzirui/Desktop/SimPU-main/SimPU.srcs/sources_1/new/instruction_mem.v:29]
WARNING: [Synth 8-3848] Net inst_mem in module/entity instruction_mem does not have driver. [C:/Users/wuzirui/Desktop/SimPU-main/SimPU.srcs/sources_1/new/instruction_mem.v:29]
WARNING: [Synth 8-3848] Net inst_mem in module/entity instruction_mem does not have driver. [C:/Users/wuzirui/Desktop/SimPU-main/SimPU.srcs/sources_1/new/instruction_mem.v:29]
WARNING: [Synth 8-3848] Net inst_mem in module/entity instruction_mem does not have driver. [C:/Users/wuzirui/Desktop/SimPU-main/SimPU.srcs/sources_1/new/instruction_mem.v:29]
WARNING: [Synth 8-3848] Net inst_mem in module/entity instruction_mem does not have driver. [C:/Users/wuzirui/Desktop/SimPU-main/SimPU.srcs/sources_1/new/instruction_mem.v:29]
WARNING: [Synth 8-3848] Net inst_mem in module/entity instruction_mem does not have driver. [C:/Users/wuzirui/Desktop/SimPU-main/SimPU.srcs/sources_1/new/instruction_mem.v:29]
WARNING: [Synth 8-3848] Net inst_mem in module/entity instruction_mem does not have driver. [C:/Users/wuzirui/Desktop/SimPU-main/SimPU.srcs/sources_1/new/instruction_mem.v:29]
WARNING: [Synth 8-3848] Net inst_mem in module/entity instruction_mem does not have driver. [C:/Users/wuzirui/Desktop/SimPU-main/SimPU.srcs/sources_1/new/instruction_mem.v:29]
WARNING: [Synth 8-3848] Net inst_mem in module/entity instruction_mem does not have driver. [C:/Users/wuzirui/Desktop/SimPU-main/SimPU.srcs/sources_1/new/instruction_mem.v:29]
WARNING: [Synth 8-3848] Net inst_mem in module/entity instruction_mem does not have driver. [C:/Users/wuzirui/Desktop/SimPU-main/SimPU.srcs/sources_1/new/instruction_mem.v:29]
WARNING: [Synth 8-3848] Net inst_mem in module/entity instruction_mem does not have driver. [C:/Users/wuzirui/Desktop/SimPU-main/SimPU.srcs/sources_1/new/instruction_mem.v:29]
WARNING: [Synth 8-3848] Net inst_mem in module/entity instruction_mem does not have driver. [C:/Users/wuzirui/Desktop/SimPU-main/SimPU.srcs/sources_1/new/instruction_mem.v:29]
WARNING: [Synth 8-3848] Net inst_mem in module/entity instruction_mem does not have driver. [C:/Users/wuzirui/Desktop/SimPU-main/SimPU.srcs/sources_1/new/instruction_mem.v:29]
WARNING: [Synth 8-3848] Net inst_mem in module/entity instruction_mem does not have driver. [C:/Users/wuzirui/Desktop/SimPU-main/SimPU.srcs/sources_1/new/instruction_mem.v:29]
WARNING: [Synth 8-3848] Net inst_mem in module/entity instruction_mem does not have driver. [C:/Users/wuzirui/Desktop/SimPU-main/SimPU.srcs/sources_1/new/instruction_mem.v:29]
WARNING: [Synth 8-3848] Net inst_mem in module/entity instruction_mem does not have driver. [C:/Users/wuzirui/Desktop/SimPU-main/SimPU.srcs/sources_1/new/instruction_mem.v:29]
WARNING: [Synth 8-3848] Net inst_mem in module/entity instruction_mem does not have driver. [C:/Users/wuzirui/Desktop/SimPU-main/SimPU.srcs/sources_1/new/instruction_mem.v:29]
WARNING: [Synth 8-3848] Net inst_mem in module/entity instruction_mem does not have driver. [C:/Users/wuzirui/Desktop/SimPU-main/SimPU.srcs/sources_1/new/instruction_mem.v:29]
WARNING: [Synth 8-3848] Net inst_mem in module/entity instruction_mem does not have driver. [C:/Users/wuzirui/Desktop/SimPU-main/SimPU.srcs/sources_1/new/instruction_mem.v:29]
WARNING: [Synth 8-3848] Net inst_mem in module/entity instruction_mem does not have driver. [C:/Users/wuzirui/Desktop/SimPU-main/SimPU.srcs/sources_1/new/instruction_mem.v:29]
INFO: [Common 17-14] Message 'Synth 8-3848' appears 100 times and further instances of the messages will be disabled. Use the Tcl command set_msg_config to change the current settings.
INFO: [Synth 8-6155] done synthesizing module 'instruction_mem' (3#1) [C:/Users/wuzirui/Desktop/SimPU-main/SimPU.srcs/sources_1/new/instruction_mem.v:25]
INFO: [Synth 8-6157] synthesizing module 'register_file' [C:/Users/wuzirui/Desktop/SimPU-main/SimPU.srcs/sources_1/new/register_file.v:23]
INFO: [Synth 8-6155] done synthesizing module 'register_file' (4#1) [C:/Users/wuzirui/Desktop/SimPU-main/SimPU.srcs/sources_1/new/register_file.v:23]
INFO: [Synth 8-6157] synthesizing module 'simmem' [C:/Users/wuzirui/Desktop/SimPU-main/SimPU.srcs/sources_1/new/simmem.v:23]
INFO: [Synth 8-6155] done synthesizing module 'simmem' (5#1) [C:/Users/wuzirui/Desktop/SimPU-main/SimPU.srcs/sources_1/new/simmem.v:23]
INFO: [Synth 8-6157] synthesizing module 'simcu' [C:/Users/wuzirui/Desktop/SimPU-main/SimPU.srcs/sources_1/new/simcu.v:25]
INFO: [Synth 8-6157] synthesizing module 'simalu' [C:/Users/wuzirui/Desktop/SimPU-main/SimPU.srcs/sources_1/new/simalu.v:24]
INFO: [Synth 8-6155] done synthesizing module 'simalu' (6#1) [C:/Users/wuzirui/Desktop/SimPU-main/SimPU.srcs/sources_1/new/simalu.v:24]
INFO: [Synth 8-6155] done synthesizing module 'simcu' (7#1) [C:/Users/wuzirui/Desktop/SimPU-main/SimPU.srcs/sources_1/new/simcu.v:25]
WARNING: [Synth 8-689] width (10) of port connection 'mem_addr' does not match port width (32) of module 'simcu' [C:/Users/wuzirui/Desktop/SimPU-main/SimPU.srcs/sources_1/new/simpu.v:90]
INFO: [Synth 8-6155] done synthesizing module 'simpu' (8#1) [C:/Users/wuzirui/Desktop/SimPU-main/SimPU.srcs/sources_1/new/simpu.v:3]
WARNING: [Synth 8-3331] design simcu has unconnected port instruction[31]
WARNING: [Synth 8-3331] design simcu has unconnected port instruction[30]
WARNING: [Synth 8-3331] design simcu has unconnected port instruction[29]
WARNING: [Synth 8-3331] design simcu has unconnected port instruction[28]
WARNING: [Synth 8-3331] design simcu has unconnected port instruction[27]
WARNING: [Synth 8-3331] design simcu has unconnected port instruction[26]
WARNING: [Synth 8-3331] design simcu has unconnected port instruction[25]
WARNING: [Synth 8-3331] design simcu has unconnected port instruction[24]
WARNING: [Synth 8-3331] design simcu has unconnected port instruction[23]
WARNING: [Synth 8-3331] design simcu has unconnected port instruction[22]
WARNING: [Synth 8-3331] design simcu has unconnected port instruction[21]
WARNING: [Synth 8-3331] design simcu has unconnected port instruction[20]
WARNING: [Synth 8-3331] design simcu has unconnected port instruction[19]
WARNING: [Synth 8-3331] design simcu has unconnected port instruction[18]
WARNING: [Synth 8-3331] design simcu has unconnected port instruction[17]
WARNING: [Synth 8-3331] design simcu has unconnected port instruction[16]
WARNING: [Synth 8-3331] design simcu has unconnected port reg1_id[4]
WARNING: [Synth 8-3331] design simcu has unconnected port reg1_id[3]
WARNING: [Synth 8-3331] design simcu has unconnected port reg1_id[2]
WARNING: [Synth 8-3331] design simcu has unconnected port reg1_id[1]
WARNING: [Synth 8-3331] design simcu has unconnected port reg1_id[0]
WARNING: [Synth 8-3331] design simmem has unconnected port clk
WARNING: [Synth 8-3331] design register_file has unconnected port clk
---------------------------------------------------------------------------------
Finished RTL Elaboration : Time (s): cpu = 00:00:08 ; elapsed = 00:00:09 . Memory (MB): peak = 1414.762 ; gain = 358.941
---------------------------------------------------------------------------------

Report Check Netlist: 
+------+------------------+-------+---------+-------+------------------+
|      |Item              |Errors |Warnings |Status |Description       |
+------+------------------+-------+---------+-------+------------------+
|1     |multi_driven_nets |      0|        0|Passed |Multi driven nets |
+------+------------------+-------+---------+-------+------------------+
---------------------------------------------------------------------------------
Start Handling Custom Attributes
---------------------------------------------------------------------------------
---------------------------------------------------------------------------------
Finished Handling Custom Attributes : Time (s): cpu = 00:00:10 ; elapsed = 00:00:10 . Memory (MB): peak = 1416.977 ; gain = 361.156
---------------------------------------------------------------------------------
---------------------------------------------------------------------------------
Finished RTL Optimization Phase 1 : Time (s): cpu = 00:00:10 ; elapsed = 00:00:10 . Memory (MB): peak = 1416.977 ; gain = 361.156
---------------------------------------------------------------------------------
Netlist sorting complete. Time (s): cpu = 00:00:00 ; elapsed = 00:00:00.209 . Memory (MB): peak = 1416.977 ; gain = 0.000
INFO: [Project 1-570] Preparing netlist for logic optimization

Processing XDC Constraints
Initializing timing engine
Completed Processing XDC Constraints

INFO: [Opt 31-138] Pushed 0 inverter(s) to 0 load pin(s).
Netlist sorting complete. Time (s): cpu = 00:00:00 ; elapsed = 00:00:00.001 . Memory (MB): peak = 1544.258 ; gain = 0.000
INFO: [Project 1-111] Unisim Transformation Summary:
No Unisim elements were transformed.

RTL Elaboration Complete:  : Time (s): cpu = 00:00:28 ; elapsed = 00:00:17 . Memory (MB): peak = 1635.148 ; gain = 579.328
21 Infos, 124 Warnings, 0 Critical Warnings and 0 Errors encountered.
synth_design completed successfully
synth_design: Time (s): cpu = 00:00:33 ; elapsed = 00:00:23 . Memory (MB): peak = 1635.148 ; gain = 820.367
exit
INFO: [Common 17-206] Exiting Vivado at Wed Oct  5 18:24:58 2022...
