
*** Running vivado
    with args -log simpu.vds -m64 -product Vivado -mode batch -messageDb vivado.pb -notrace -source simpu.tcl


****** Vivado v2019.2 (64-bit)
  **** SW Build 2708876 on Wed Nov  6 21:40:23 MST 2019
  **** IP Build 2700528 on Thu Nov  7 00:09:20 MST 2019
    ** Copyright 1986-2019 Xilinx, Inc. All Rights Reserved.

source simpu.tcl -notrace
Command: synth_design -top simpu -part xc7a35tcsg324-1
Starting synth_design
Attempting to get a license for feature 'Synthesis' and/or device 'xc7a35t'
INFO: [Common 17-349] Got license for feature 'Synthesis' and/or device 'xc7a35t'
INFO: Launching helper process for spawning children vivado processes
INFO: Helper process launched with PID 13948 
---------------------------------------------------------------------------------
Starting Synthesize : Time (s): cpu = 00:00:05 ; elapsed = 00:00:05 . Memory (MB): peak = 574.051 ; gain = 243.277
---------------------------------------------------------------------------------
INFO: [Synth 8-6157] synthesizing module 'simpu' [C:/Users/wuzirui/Desktop/VivadoProjects/SimPU/SimPU.srcs/sources_1/new/simpu.v:3]
INFO: [Synth 8-6157] synthesizing module 'simpc' [C:/Users/wuzirui/Desktop/VivadoProjects/SimPU/SimPU.srcs/sources_1/new/simpc.v:24]
INFO: [Synth 8-6155] done synthesizing module 'simpc' (1#1) [C:/Users/wuzirui/Desktop/VivadoProjects/SimPU/SimPU.srcs/sources_1/new/simpc.v:24]
INFO: [Synth 8-6157] synthesizing module 'nextpc' [C:/Users/wuzirui/Desktop/VivadoProjects/SimPU/SimPU.srcs/sources_1/new/nextpc.v:23]
INFO: [Synth 8-6155] done synthesizing module 'nextpc' (2#1) [C:/Users/wuzirui/Desktop/VivadoProjects/SimPU/SimPU.srcs/sources_1/new/nextpc.v:23]
WARNING: [Synth 8-7023] instance 'pc_control' of module 'nextpc' has 4 connections declared, but only 2 given [C:/Users/wuzirui/Desktop/VivadoProjects/SimPU/SimPU.srcs/sources_1/new/simpu.v:18]
INFO: [Synth 8-6157] synthesizing module 'instruction_mem' [C:/Users/wuzirui/Desktop/VivadoProjects/SimPU/SimPU.srcs/sources_1/new/instruction_mem.v:25]

Warning: Trying to implement RAM in registers. Block RAM or DRAM implementation is not possible for one or more of the following reasons :
	1: Unable to determine number of words or word size in RAM. 
	2: No valid read/write found for RAM. 
RAM dissolved into registers
WARNING: [Synth 8-3848] Net inst_mem in module/entity instruction_mem does not have driver. [C:/Users/wuzirui/Desktop/VivadoProjects/SimPU/SimPU.srcs/sources_1/new/instruction_mem.v:29]
WARNING: [Synth 8-3848] Net inst_mem in module/entity instruction_mem does not have driver. [C:/Users/wuzirui/Desktop/VivadoProjects/SimPU/SimPU.srcs/sources_1/new/instruction_mem.v:29]
WARNING: [Synth 8-3848] Net inst_mem in module/entity instruction_mem does not have driver. [C:/Users/wuzirui/Desktop/VivadoProjects/SimPU/SimPU.srcs/sources_1/new/instruction_mem.v:29]
WARNING: [Synth 8-3848] Net inst_mem in module/entity instruction_mem does not have driver. [C:/Users/wuzirui/Desktop/VivadoProjects/SimPU/SimPU.srcs/sources_1/new/instruction_mem.v:29]
WARNING: [Synth 8-3848] Net inst_mem in module/entity instruction_mem does not have driver. [C:/Users/wuzirui/Desktop/VivadoProjects/SimPU/SimPU.srcs/sources_1/new/instruction_mem.v:29]
WARNING: [Synth 8-3848] Net inst_mem in module/entity instruction_mem does not have driver. [C:/Users/wuzirui/Desktop/VivadoProjects/SimPU/SimPU.srcs/sources_1/new/instruction_mem.v:29]
WARNING: [Synth 8-3848] Net inst_mem in module/entity instruction_mem does not have driver. [C:/Users/wuzirui/Desktop/VivadoProjects/SimPU/SimPU.srcs/sources_1/new/instruction_mem.v:29]
WARNING: [Synth 8-3848] Net inst_mem in module/entity instruction_mem does not have driver. [C:/Users/wuzirui/Desktop/VivadoProjects/SimPU/SimPU.srcs/sources_1/new/instruction_mem.v:29]
WARNING: [Synth 8-3848] Net inst_mem in module/entity instruction_mem does not have driver. [C:/Users/wuzirui/Desktop/VivadoProjects/SimPU/SimPU.srcs/sources_1/new/instruction_mem.v:29]
WARNING: [Synth 8-3848] Net inst_mem in module/entity instruction_mem does not have driver. [C:/Users/wuzirui/Desktop/VivadoProjects/SimPU/SimPU.srcs/sources_1/new/instruction_mem.v:29]
WARNING: [Synth 8-3848] Net inst_mem in module/entity instruction_mem does not have driver. [C:/Users/wuzirui/Desktop/VivadoProjects/SimPU/SimPU.srcs/sources_1/new/instruction_mem.v:29]
WARNING: [Synth 8-3848] Net inst_mem in module/entity instruction_mem does not have driver. [C:/Users/wuzirui/Desktop/VivadoProjects/SimPU/SimPU.srcs/sources_1/new/instruction_mem.v:29]
WARNING: [Synth 8-3848] Net inst_mem in module/entity instruction_mem does not have driver. [C:/Users/wuzirui/Desktop/VivadoProjects/SimPU/SimPU.srcs/sources_1/new/instruction_mem.v:29]
WARNING: [Synth 8-3848] Net inst_mem in module/entity instruction_mem does not have driver. [C:/Users/wuzirui/Desktop/VivadoProjects/SimPU/SimPU.srcs/sources_1/new/instruction_mem.v:29]
WARNING: [Synth 8-3848] Net inst_mem in module/entity instruction_mem does not have driver. [C:/Users/wuzirui/Desktop/VivadoProjects/SimPU/SimPU.srcs/sources_1/new/instruction_mem.v:29]
WARNING: [Synth 8-3848] Net inst_mem in module/entity instruction_mem does not have driver. [C:/Users/wuzirui/Desktop/VivadoProjects/SimPU/SimPU.srcs/sources_1/new/instruction_mem.v:29]
WARNING: [Synth 8-3848] Net inst_mem in module/entity instruction_mem does not have driver. [C:/Users/wuzirui/Desktop/VivadoProjects/SimPU/SimPU.srcs/sources_1/new/instruction_mem.v:29]
WARNING: [Synth 8-3848] Net inst_mem in module/entity instruction_mem does not have driver. [C:/Users/wuzirui/Desktop/VivadoProjects/SimPU/SimPU.srcs/sources_1/new/instruction_mem.v:29]
WARNING: [Synth 8-3848] Net inst_mem in module/entity instruction_mem does not have driver. [C:/Users/wuzirui/Desktop/VivadoProjects/SimPU/SimPU.srcs/sources_1/new/instruction_mem.v:29]
WARNING: [Synth 8-3848] Net inst_mem in module/entity instruction_mem does not have driver. [C:/Users/wuzirui/Desktop/VivadoProjects/SimPU/SimPU.srcs/sources_1/new/instruction_mem.v:29]
WARNING: [Synth 8-3848] Net inst_mem in module/entity instruction_mem does not have driver. [C:/Users/wuzirui/Desktop/VivadoProjects/SimPU/SimPU.srcs/sources_1/new/instruction_mem.v:29]
WARNING: [Synth 8-3848] Net inst_mem in module/entity instruction_mem does not have driver. [C:/Users/wuzirui/Desktop/VivadoProjects/SimPU/SimPU.srcs/sources_1/new/instruction_mem.v:29]
WARNING: [Synth 8-3848] Net inst_mem in module/entity instruction_mem does not have driver. [C:/Users/wuzirui/Desktop/VivadoProjects/SimPU/SimPU.srcs/sources_1/new/instruction_mem.v:29]
WARNING: [Synth 8-3848] Net inst_mem in module/entity instruction_mem does not have driver. [C:/Users/wuzirui/Desktop/VivadoProjects/SimPU/SimPU.srcs/sources_1/new/instruction_mem.v:29]
WARNING: [Synth 8-3848] Net inst_mem in module/entity instruction_mem does not have driver. [C:/Users/wuzirui/Desktop/VivadoProjects/SimPU/SimPU.srcs/sources_1/new/instruction_mem.v:29]
WARNING: [Synth 8-3848] Net inst_mem in module/entity instruction_mem does not have driver. [C:/Users/wuzirui/Desktop/VivadoProjects/SimPU/SimPU.srcs/sources_1/new/instruction_mem.v:29]
WARNING: [Synth 8-3848] Net inst_mem in module/entity instruction_mem does not have driver. [C:/Users/wuzirui/Desktop/VivadoProjects/SimPU/SimPU.srcs/sources_1/new/instruction_mem.v:29]
WARNING: [Synth 8-3848] Net inst_mem in module/entity instruction_mem does not have driver. [C:/Users/wuzirui/Desktop/VivadoProjects/SimPU/SimPU.srcs/sources_1/new/instruction_mem.v:29]
WARNING: [Synth 8-3848] Net inst_mem in module/entity instruction_mem does not have driver. [C:/Users/wuzirui/Desktop/VivadoProjects/SimPU/SimPU.srcs/sources_1/new/instruction_mem.v:29]
WARNING: [Synth 8-3848] Net inst_mem in module/entity instruction_mem does not have driver. [C:/Users/wuzirui/Desktop/VivadoProjects/SimPU/SimPU.srcs/sources_1/new/instruction_mem.v:29]
WARNING: [Synth 8-3848] Net inst_mem in module/entity instruction_mem does not have driver. [C:/Users/wuzirui/Desktop/VivadoProjects/SimPU/SimPU.srcs/sources_1/new/instruction_mem.v:29]
WARNING: [Synth 8-3848] Net inst_mem in module/entity instruction_mem does not have driver. [C:/Users/wuzirui/Desktop/VivadoProjects/SimPU/SimPU.srcs/sources_1/new/instruction_mem.v:29]
WARNING: [Synth 8-3848] Net inst_mem in module/entity instruction_mem does not have driver. [C:/Users/wuzirui/Desktop/VivadoProjects/SimPU/SimPU.srcs/sources_1/new/instruction_mem.v:29]
WARNING: [Synth 8-3848] Net inst_mem in module/entity instruction_mem does not have driver. [C:/Users/wuzirui/Desktop/VivadoProjects/SimPU/SimPU.srcs/sources_1/new/instruction_mem.v:29]
WARNING: [Synth 8-3848] Net inst_mem in module/entity instruction_mem does not have driver. [C:/Users/wuzirui/Desktop/VivadoProjects/SimPU/SimPU.srcs/sources_1/new/instruction_mem.v:29]
WARNING: [Synth 8-3848] Net inst_mem in module/entity instruction_mem does not have driver. [C:/Users/wuzirui/Desktop/VivadoProjects/SimPU/SimPU.srcs/sources_1/new/instruction_mem.v:29]
WARNING: [Synth 8-3848] Net inst_mem in module/entity instruction_mem does not have driver. [C:/Users/wuzirui/Desktop/VivadoProjects/SimPU/SimPU.srcs/sources_1/new/instruction_mem.v:29]
WARNING: [Synth 8-3848] Net inst_mem in module/entity instruction_mem does not have driver. [C:/Users/wuzirui/Desktop/VivadoProjects/SimPU/SimPU.srcs/sources_1/new/instruction_mem.v:29]
WARNING: [Synth 8-3848] Net inst_mem in module/entity instruction_mem does not have driver. [C:/Users/wuzirui/Desktop/VivadoProjects/SimPU/SimPU.srcs/sources_1/new/instruction_mem.v:29]
WARNING: [Synth 8-3848] Net inst_mem in module/entity instruction_mem does not have driver. [C:/Users/wuzirui/Desktop/VivadoProjects/SimPU/SimPU.srcs/sources_1/new/instruction_mem.v:29]
WARNING: [Synth 8-3848] Net inst_mem in module/entity instruction_mem does not have driver. [C:/Users/wuzirui/Desktop/VivadoProjects/SimPU/SimPU.srcs/sources_1/new/instruction_mem.v:29]
WARNING: [Synth 8-3848] Net inst_mem in module/entity instruction_mem does not have driver. [C:/Users/wuzirui/Desktop/VivadoProjects/SimPU/SimPU.srcs/sources_1/new/instruction_mem.v:29]
WARNING: [Synth 8-3848] Net inst_mem in module/entity instruction_mem does not have driver. [C:/Users/wuzirui/Desktop/VivadoProjects/SimPU/SimPU.srcs/sources_1/new/instruction_mem.v:29]
WARNING: [Synth 8-3848] Net inst_mem in module/entity instruction_mem does not have driver. [C:/Users/wuzirui/Desktop/VivadoProjects/SimPU/SimPU.srcs/sources_1/new/instruction_mem.v:29]
WARNING: [Synth 8-3848] Net inst_mem in module/entity instruction_mem does not have driver. [C:/Users/wuzirui/Desktop/VivadoProjects/SimPU/SimPU.srcs/sources_1/new/instruction_mem.v:29]
WARNING: [Synth 8-3848] Net inst_mem in module/entity instruction_mem does not have driver. [C:/Users/wuzirui/Desktop/VivadoProjects/SimPU/SimPU.srcs/sources_1/new/instruction_mem.v:29]
WARNING: [Synth 8-3848] Net inst_mem in module/entity instruction_mem does not have driver. [C:/Users/wuzirui/Desktop/VivadoProjects/SimPU/SimPU.srcs/sources_1/new/instruction_mem.v:29]
WARNING: [Synth 8-3848] Net inst_mem in module/entity instruction_mem does not have driver. [C:/Users/wuzirui/Desktop/VivadoProjects/SimPU/SimPU.srcs/sources_1/new/instruction_mem.v:29]
WARNING: [Synth 8-3848] Net inst_mem in module/entity instruction_mem does not have driver. [C:/Users/wuzirui/Desktop/VivadoProjects/SimPU/SimPU.srcs/sources_1/new/instruction_mem.v:29]
WARNING: [Synth 8-3848] Net inst_mem in module/entity instruction_mem does not have driver. [C:/Users/wuzirui/Desktop/VivadoProjects/SimPU/SimPU.srcs/sources_1/new/instruction_mem.v:29]
WARNING: [Synth 8-3848] Net inst_mem in module/entity instruction_mem does not have driver. [C:/Users/wuzirui/Desktop/VivadoProjects/SimPU/SimPU.srcs/sources_1/new/instruction_mem.v:29]
WARNING: [Synth 8-3848] Net inst_mem in module/entity instruction_mem does not have driver. [C:/Users/wuzirui/Desktop/VivadoProjects/SimPU/SimPU.srcs/sources_1/new/instruction_mem.v:29]
WARNING: [Synth 8-3848] Net inst_mem in module/entity instruction_mem does not have driver. [C:/Users/wuzirui/Desktop/VivadoProjects/SimPU/SimPU.srcs/sources_1/new/instruction_mem.v:29]
WARNING: [Synth 8-3848] Net inst_mem in module/entity instruction_mem does not have driver. [C:/Users/wuzirui/Desktop/VivadoProjects/SimPU/SimPU.srcs/sources_1/new/instruction_mem.v:29]
WARNING: [Synth 8-3848] Net inst_mem in module/entity instruction_mem does not have driver. [C:/Users/wuzirui/Desktop/VivadoProjects/SimPU/SimPU.srcs/sources_1/new/instruction_mem.v:29]
WARNING: [Synth 8-3848] Net inst_mem in module/entity instruction_mem does not have driver. [C:/Users/wuzirui/Desktop/VivadoProjects/SimPU/SimPU.srcs/sources_1/new/instruction_mem.v:29]
WARNING: [Synth 8-3848] Net inst_mem in module/entity instruction_mem does not have driver. [C:/Users/wuzirui/Desktop/VivadoProjects/SimPU/SimPU.srcs/sources_1/new/instruction_mem.v:29]
WARNING: [Synth 8-3848] Net inst_mem in module/entity instruction_mem does not have driver. [C:/Users/wuzirui/Desktop/VivadoProjects/SimPU/SimPU.srcs/sources_1/new/instruction_mem.v:29]
WARNING: [Synth 8-3848] Net inst_mem in module/entity instruction_mem does not have driver. [C:/Users/wuzirui/Desktop/VivadoProjects/SimPU/SimPU.srcs/sources_1/new/instruction_mem.v:29]
WARNING: [Synth 8-3848] Net inst_mem in module/entity instruction_mem does not have driver. [C:/Users/wuzirui/Desktop/VivadoProjects/SimPU/SimPU.srcs/sources_1/new/instruction_mem.v:29]
WARNING: [Synth 8-3848] Net inst_mem in module/entity instruction_mem does not have driver. [C:/Users/wuzirui/Desktop/VivadoProjects/SimPU/SimPU.srcs/sources_1/new/instruction_mem.v:29]
WARNING: [Synth 8-3848] Net inst_mem in module/entity instruction_mem does not have driver. [C:/Users/wuzirui/Desktop/VivadoProjects/SimPU/SimPU.srcs/sources_1/new/instruction_mem.v:29]
WARNING: [Synth 8-3848] Net inst_mem in module/entity instruction_mem does not have driver. [C:/Users/wuzirui/Desktop/VivadoProjects/SimPU/SimPU.srcs/sources_1/new/instruction_mem.v:29]
WARNING: [Synth 8-3848] Net inst_mem in module/entity instruction_mem does not have driver. [C:/Users/wuzirui/Desktop/VivadoProjects/SimPU/SimPU.srcs/sources_1/new/instruction_mem.v:29]
WARNING: [Synth 8-3848] Net inst_mem in module/entity instruction_mem does not have driver. [C:/Users/wuzirui/Desktop/VivadoProjects/SimPU/SimPU.srcs/sources_1/new/instruction_mem.v:29]
WARNING: [Synth 8-3848] Net inst_mem in module/entity instruction_mem does not have driver. [C:/Users/wuzirui/Desktop/VivadoProjects/SimPU/SimPU.srcs/sources_1/new/instruction_mem.v:29]
WARNING: [Synth 8-3848] Net inst_mem in module/entity instruction_mem does not have driver. [C:/Users/wuzirui/Desktop/VivadoProjects/SimPU/SimPU.srcs/sources_1/new/instruction_mem.v:29]
WARNING: [Synth 8-3848] Net inst_mem in module/entity instruction_mem does not have driver. [C:/Users/wuzirui/Desktop/VivadoProjects/SimPU/SimPU.srcs/sources_1/new/instruction_mem.v:29]
WARNING: [Synth 8-3848] Net inst_mem in module/entity instruction_mem does not have driver. [C:/Users/wuzirui/Desktop/VivadoProjects/SimPU/SimPU.srcs/sources_1/new/instruction_mem.v:29]
WARNING: [Synth 8-3848] Net inst_mem in module/entity instruction_mem does not have driver. [C:/Users/wuzirui/Desktop/VivadoProjects/SimPU/SimPU.srcs/sources_1/new/instruction_mem.v:29]
WARNING: [Synth 8-3848] Net inst_mem in module/entity instruction_mem does not have driver. [C:/Users/wuzirui/Desktop/VivadoProjects/SimPU/SimPU.srcs/sources_1/new/instruction_mem.v:29]
WARNING: [Synth 8-3848] Net inst_mem in module/entity instruction_mem does not have driver. [C:/Users/wuzirui/Desktop/VivadoProjects/SimPU/SimPU.srcs/sources_1/new/instruction_mem.v:29]
WARNING: [Synth 8-3848] Net inst_mem in module/entity instruction_mem does not have driver. [C:/Users/wuzirui/Desktop/VivadoProjects/SimPU/SimPU.srcs/sources_1/new/instruction_mem.v:29]
WARNING: [Synth 8-3848] Net inst_mem in module/entity instruction_mem does not have driver. [C:/Users/wuzirui/Desktop/VivadoProjects/SimPU/SimPU.srcs/sources_1/new/instruction_mem.v:29]
WARNING: [Synth 8-3848] Net inst_mem in module/entity instruction_mem does not have driver. [C:/Users/wuzirui/Desktop/VivadoProjects/SimPU/SimPU.srcs/sources_1/new/instruction_mem.v:29]
WARNING: [Synth 8-3848] Net inst_mem in module/entity instruction_mem does not have driver. [C:/Users/wuzirui/Desktop/VivadoProjects/SimPU/SimPU.srcs/sources_1/new/instruction_mem.v:29]
WARNING: [Synth 8-3848] Net inst_mem in module/entity instruction_mem does not have driver. [C:/Users/wuzirui/Desktop/VivadoProjects/SimPU/SimPU.srcs/sources_1/new/instruction_mem.v:29]
WARNING: [Synth 8-3848] Net inst_mem in module/entity instruction_mem does not have driver. [C:/Users/wuzirui/Desktop/VivadoProjects/SimPU/SimPU.srcs/sources_1/new/instruction_mem.v:29]
WARNING: [Synth 8-3848] Net inst_mem in module/entity instruction_mem does not have driver. [C:/Users/wuzirui/Desktop/VivadoProjects/SimPU/SimPU.srcs/sources_1/new/instruction_mem.v:29]
WARNING: [Synth 8-3848] Net inst_mem in module/entity instruction_mem does not have driver. [C:/Users/wuzirui/Desktop/VivadoProjects/SimPU/SimPU.srcs/sources_1/new/instruction_mem.v:29]
WARNING: [Synth 8-3848] Net inst_mem in module/entity instruction_mem does not have driver. [C:/Users/wuzirui/Desktop/VivadoProjects/SimPU/SimPU.srcs/sources_1/new/instruction_mem.v:29]
WARNING: [Synth 8-3848] Net inst_mem in module/entity instruction_mem does not have driver. [C:/Users/wuzirui/Desktop/VivadoProjects/SimPU/SimPU.srcs/sources_1/new/instruction_mem.v:29]
WARNING: [Synth 8-3848] Net inst_mem in module/entity instruction_mem does not have driver. [C:/Users/wuzirui/Desktop/VivadoProjects/SimPU/SimPU.srcs/sources_1/new/instruction_mem.v:29]
WARNING: [Synth 8-3848] Net inst_mem in module/entity instruction_mem does not have driver. [C:/Users/wuzirui/Desktop/VivadoProjects/SimPU/SimPU.srcs/sources_1/new/instruction_mem.v:29]
WARNING: [Synth 8-3848] Net inst_mem in module/entity instruction_mem does not have driver. [C:/Users/wuzirui/Desktop/VivadoProjects/SimPU/SimPU.srcs/sources_1/new/instruction_mem.v:29]
WARNING: [Synth 8-3848] Net inst_mem in module/entity instruction_mem does not have driver. [C:/Users/wuzirui/Desktop/VivadoProjects/SimPU/SimPU.srcs/sources_1/new/instruction_mem.v:29]
WARNING: [Synth 8-3848] Net inst_mem in module/entity instruction_mem does not have driver. [C:/Users/wuzirui/Desktop/VivadoProjects/SimPU/SimPU.srcs/sources_1/new/instruction_mem.v:29]
WARNING: [Synth 8-3848] Net inst_mem in module/entity instruction_mem does not have driver. [C:/Users/wuzirui/Desktop/VivadoProjects/SimPU/SimPU.srcs/sources_1/new/instruction_mem.v:29]
WARNING: [Synth 8-3848] Net inst_mem in module/entity instruction_mem does not have driver. [C:/Users/wuzirui/Desktop/VivadoProjects/SimPU/SimPU.srcs/sources_1/new/instruction_mem.v:29]
WARNING: [Synth 8-3848] Net inst_mem in module/entity instruction_mem does not have driver. [C:/Users/wuzirui/Desktop/VivadoProjects/SimPU/SimPU.srcs/sources_1/new/instruction_mem.v:29]
WARNING: [Synth 8-3848] Net inst_mem in module/entity instruction_mem does not have driver. [C:/Users/wuzirui/Desktop/VivadoProjects/SimPU/SimPU.srcs/sources_1/new/instruction_mem.v:29]
WARNING: [Synth 8-3848] Net inst_mem in module/entity instruction_mem does not have driver. [C:/Users/wuzirui/Desktop/VivadoProjects/SimPU/SimPU.srcs/sources_1/new/instruction_mem.v:29]
WARNING: [Synth 8-3848] Net inst_mem in module/entity instruction_mem does not have driver. [C:/Users/wuzirui/Desktop/VivadoProjects/SimPU/SimPU.srcs/sources_1/new/instruction_mem.v:29]
WARNING: [Synth 8-3848] Net inst_mem in module/entity instruction_mem does not have driver. [C:/Users/wuzirui/Desktop/VivadoProjects/SimPU/SimPU.srcs/sources_1/new/instruction_mem.v:29]
WARNING: [Synth 8-3848] Net inst_mem in module/entity instruction_mem does not have driver. [C:/Users/wuzirui/Desktop/VivadoProjects/SimPU/SimPU.srcs/sources_1/new/instruction_mem.v:29]
WARNING: [Synth 8-3848] Net inst_mem in module/entity instruction_mem does not have driver. [C:/Users/wuzirui/Desktop/VivadoProjects/SimPU/SimPU.srcs/sources_1/new/instruction_mem.v:29]
WARNING: [Synth 8-3848] Net inst_mem in module/entity instruction_mem does not have driver. [C:/Users/wuzirui/Desktop/VivadoProjects/SimPU/SimPU.srcs/sources_1/new/instruction_mem.v:29]
WARNING: [Synth 8-3848] Net inst_mem in module/entity instruction_mem does not have driver. [C:/Users/wuzirui/Desktop/VivadoProjects/SimPU/SimPU.srcs/sources_1/new/instruction_mem.v:29]
WARNING: [Synth 8-3848] Net inst_mem in module/entity instruction_mem does not have driver. [C:/Users/wuzirui/Desktop/VivadoProjects/SimPU/SimPU.srcs/sources_1/new/instruction_mem.v:29]
WARNING: [Synth 8-3848] Net inst_mem in module/entity instruction_mem does not have driver. [C:/Users/wuzirui/Desktop/VivadoProjects/SimPU/SimPU.srcs/sources_1/new/instruction_mem.v:29]
INFO: [Common 17-14] Message 'Synth 8-3848' appears 100 times and further instances of the messages will be disabled. Use the Tcl command set_msg_config to change the current settings.
INFO: [Synth 8-6155] done synthesizing module 'instruction_mem' (3#1) [C:/Users/wuzirui/Desktop/VivadoProjects/SimPU/SimPU.srcs/sources_1/new/instruction_mem.v:25]
INFO: [Synth 8-6157] synthesizing module 'register_file' [C:/Users/wuzirui/Desktop/VivadoProjects/SimPU/SimPU.srcs/sources_1/new/register_file.v:23]
INFO: [Synth 8-6155] done synthesizing module 'register_file' (4#1) [C:/Users/wuzirui/Desktop/VivadoProjects/SimPU/SimPU.srcs/sources_1/new/register_file.v:23]
INFO: [Synth 8-6157] synthesizing module 'simcu' [C:/Users/wuzirui/Desktop/VivadoProjects/SimPU/SimPU.srcs/sources_1/new/simcu.v:25]
WARNING: [Synth 8-6104] Input port 'opcode' has an internal driver [C:/Users/wuzirui/Desktop/VivadoProjects/SimPU/SimPU.srcs/sources_1/new/simcu.v:38]
INFO: [Synth 8-6157] synthesizing module 'simalu' [C:/Users/wuzirui/Desktop/VivadoProjects/SimPU/SimPU.srcs/sources_1/new/simalu.v:24]
INFO: [Synth 8-6155] done synthesizing module 'simalu' (5#1) [C:/Users/wuzirui/Desktop/VivadoProjects/SimPU/SimPU.srcs/sources_1/new/simalu.v:24]
INFO: [Synth 8-6155] done synthesizing module 'simcu' (6#1) [C:/Users/wuzirui/Desktop/VivadoProjects/SimPU/SimPU.srcs/sources_1/new/simcu.v:25]
INFO: [Synth 8-6155] done synthesizing module 'simpu' (7#1) [C:/Users/wuzirui/Desktop/VivadoProjects/SimPU/SimPU.srcs/sources_1/new/simpu.v:3]
WARNING: [Synth 8-3331] design simcu has unconnected port instruction[25]
WARNING: [Synth 8-3331] design simcu has unconnected port instruction[24]
WARNING: [Synth 8-3331] design simcu has unconnected port instruction[23]
WARNING: [Synth 8-3331] design simcu has unconnected port instruction[22]
WARNING: [Synth 8-3331] design simcu has unconnected port instruction[21]
WARNING: [Synth 8-3331] design simcu has unconnected port instruction[20]
WARNING: [Synth 8-3331] design simcu has unconnected port instruction[19]
WARNING: [Synth 8-3331] design simcu has unconnected port instruction[18]
WARNING: [Synth 8-3331] design simcu has unconnected port instruction[17]
WARNING: [Synth 8-3331] design simcu has unconnected port instruction[16]
WARNING: [Synth 8-3331] design simcu has unconnected port reg1_id[4]
WARNING: [Synth 8-3331] design simcu has unconnected port reg1_id[3]
WARNING: [Synth 8-3331] design simcu has unconnected port reg1_id[2]
WARNING: [Synth 8-3331] design simcu has unconnected port reg1_id[1]
WARNING: [Synth 8-3331] design simcu has unconnected port reg1_id[0]
WARNING: [Synth 8-3331] design register_file has unconnected port clk
WARNING: [Synth 8-3331] design nextpc has unconnected port inst_opcode[31]
WARNING: [Synth 8-3331] design nextpc has unconnected port inst_opcode[30]
WARNING: [Synth 8-3331] design nextpc has unconnected port inst_opcode[29]
WARNING: [Synth 8-3331] design nextpc has unconnected port inst_opcode[28]
WARNING: [Synth 8-3331] design nextpc has unconnected port inst_opcode[27]
WARNING: [Synth 8-3331] design nextpc has unconnected port inst_opcode[26]
WARNING: [Synth 8-3331] design nextpc has unconnected port inst_offset[31]
WARNING: [Synth 8-3331] design nextpc has unconnected port inst_offset[30]
WARNING: [Synth 8-3331] design nextpc has unconnected port inst_offset[29]
WARNING: [Synth 8-3331] design nextpc has unconnected port inst_offset[28]
WARNING: [Synth 8-3331] design nextpc has unconnected port inst_offset[27]
WARNING: [Synth 8-3331] design nextpc has unconnected port inst_offset[26]
WARNING: [Synth 8-3331] design nextpc has unconnected port inst_offset[25]
WARNING: [Synth 8-3331] design nextpc has unconnected port inst_offset[24]
WARNING: [Synth 8-3331] design nextpc has unconnected port inst_offset[23]
WARNING: [Synth 8-3331] design nextpc has unconnected port inst_offset[22]
WARNING: [Synth 8-3331] design nextpc has unconnected port inst_offset[21]
WARNING: [Synth 8-3331] design nextpc has unconnected port inst_offset[20]
WARNING: [Synth 8-3331] design nextpc has unconnected port inst_offset[19]
WARNING: [Synth 8-3331] design nextpc has unconnected port inst_offset[18]
WARNING: [Synth 8-3331] design nextpc has unconnected port inst_offset[17]
WARNING: [Synth 8-3331] design nextpc has unconnected port inst_offset[16]
WARNING: [Synth 8-3331] design nextpc has unconnected port inst_offset[15]
WARNING: [Synth 8-3331] design nextpc has unconnected port inst_offset[14]
WARNING: [Synth 8-3331] design nextpc has unconnected port inst_offset[13]
WARNING: [Synth 8-3331] design nextpc has unconnected port inst_offset[12]
WARNING: [Synth 8-3331] design nextpc has unconnected port inst_offset[11]
WARNING: [Synth 8-3331] design nextpc has unconnected port inst_offset[10]
WARNING: [Synth 8-3331] design nextpc has unconnected port inst_offset[9]
WARNING: [Synth 8-3331] design nextpc has unconnected port inst_offset[8]
WARNING: [Synth 8-3331] design nextpc has unconnected port inst_offset[7]
WARNING: [Synth 8-3331] design nextpc has unconnected port inst_offset[6]
WARNING: [Synth 8-3331] design nextpc has unconnected port inst_offset[5]
WARNING: [Synth 8-3331] design nextpc has unconnected port inst_offset[4]
WARNING: [Synth 8-3331] design nextpc has unconnected port inst_offset[3]
WARNING: [Synth 8-3331] design nextpc has unconnected port inst_offset[2]
WARNING: [Synth 8-3331] design nextpc has unconnected port inst_offset[1]
WARNING: [Synth 8-3331] design nextpc has unconnected port inst_offset[0]
---------------------------------------------------------------------------------
Finished Synthesize : Time (s): cpu = 00:00:06 ; elapsed = 00:00:07 . Memory (MB): peak = 647.344 ; gain = 316.570
---------------------------------------------------------------------------------
---------------------------------------------------------------------------------
Finished Constraint Validation : Time (s): cpu = 00:00:07 ; elapsed = 00:00:08 . Memory (MB): peak = 647.344 ; gain = 316.570
---------------------------------------------------------------------------------
---------------------------------------------------------------------------------
Start Loading Part and Timing Information
---------------------------------------------------------------------------------
Loading part: xc7a35tcsg324-1
---------------------------------------------------------------------------------
Finished Loading Part and Timing Information : Time (s): cpu = 00:00:07 ; elapsed = 00:00:08 . Memory (MB): peak = 647.344 ; gain = 316.570
INFO: [Device 21-403] Loading part xc7a35tcsg324-1
---------------------------------------------------------------------------------
WARNING: [Synth 8-327] inferring latch for variable 'gpr_reg[31]' [C:/Users/wuzirui/Desktop/VivadoProjects/SimPU/SimPU.srcs/sources_1/new/register_file.v:37]
WARNING: [Synth 8-327] inferring latch for variable 'gpr_reg[30]' [C:/Users/wuzirui/Desktop/VivadoProjects/SimPU/SimPU.srcs/sources_1/new/register_file.v:37]
WARNING: [Synth 8-327] inferring latch for variable 'gpr_reg[29]' [C:/Users/wuzirui/Desktop/VivadoProjects/SimPU/SimPU.srcs/sources_1/new/register_file.v:37]
WARNING: [Synth 8-327] inferring latch for variable 'gpr_reg[28]' [C:/Users/wuzirui/Desktop/VivadoProjects/SimPU/SimPU.srcs/sources_1/new/register_file.v:37]
WARNING: [Synth 8-327] inferring latch for variable 'gpr_reg[27]' [C:/Users/wuzirui/Desktop/VivadoProjects/SimPU/SimPU.srcs/sources_1/new/register_file.v:37]
WARNING: [Synth 8-327] inferring latch for variable 'gpr_reg[26]' [C:/Users/wuzirui/Desktop/VivadoProjects/SimPU/SimPU.srcs/sources_1/new/register_file.v:37]
WARNING: [Synth 8-327] inferring latch for variable 'gpr_reg[25]' [C:/Users/wuzirui/Desktop/VivadoProjects/SimPU/SimPU.srcs/sources_1/new/register_file.v:37]
WARNING: [Synth 8-327] inferring latch for variable 'gpr_reg[24]' [C:/Users/wuzirui/Desktop/VivadoProjects/SimPU/SimPU.srcs/sources_1/new/register_file.v:37]
WARNING: [Synth 8-327] inferring latch for variable 'gpr_reg[23]' [C:/Users/wuzirui/Desktop/VivadoProjects/SimPU/SimPU.srcs/sources_1/new/register_file.v:37]
WARNING: [Synth 8-327] inferring latch for variable 'gpr_reg[22]' [C:/Users/wuzirui/Desktop/VivadoProjects/SimPU/SimPU.srcs/sources_1/new/register_file.v:37]
WARNING: [Synth 8-327] inferring latch for variable 'gpr_reg[21]' [C:/Users/wuzirui/Desktop/VivadoProjects/SimPU/SimPU.srcs/sources_1/new/register_file.v:37]
WARNING: [Synth 8-327] inferring latch for variable 'gpr_reg[20]' [C:/Users/wuzirui/Desktop/VivadoProjects/SimPU/SimPU.srcs/sources_1/new/register_file.v:37]
WARNING: [Synth 8-327] inferring latch for variable 'gpr_reg[19]' [C:/Users/wuzirui/Desktop/VivadoProjects/SimPU/SimPU.srcs/sources_1/new/register_file.v:37]
WARNING: [Synth 8-327] inferring latch for variable 'gpr_reg[18]' [C:/Users/wuzirui/Desktop/VivadoProjects/SimPU/SimPU.srcs/sources_1/new/register_file.v:37]
WARNING: [Synth 8-327] inferring latch for variable 'gpr_reg[17]' [C:/Users/wuzirui/Desktop/VivadoProjects/SimPU/SimPU.srcs/sources_1/new/register_file.v:37]
WARNING: [Synth 8-327] inferring latch for variable 'gpr_reg[16]' [C:/Users/wuzirui/Desktop/VivadoProjects/SimPU/SimPU.srcs/sources_1/new/register_file.v:37]
WARNING: [Synth 8-327] inferring latch for variable 'gpr_reg[15]' [C:/Users/wuzirui/Desktop/VivadoProjects/SimPU/SimPU.srcs/sources_1/new/register_file.v:37]
WARNING: [Synth 8-327] inferring latch for variable 'gpr_reg[14]' [C:/Users/wuzirui/Desktop/VivadoProjects/SimPU/SimPU.srcs/sources_1/new/register_file.v:37]
WARNING: [Synth 8-327] inferring latch for variable 'gpr_reg[13]' [C:/Users/wuzirui/Desktop/VivadoProjects/SimPU/SimPU.srcs/sources_1/new/register_file.v:37]
WARNING: [Synth 8-327] inferring latch for variable 'gpr_reg[12]' [C:/Users/wuzirui/Desktop/VivadoProjects/SimPU/SimPU.srcs/sources_1/new/register_file.v:37]
WARNING: [Synth 8-327] inferring latch for variable 'gpr_reg[11]' [C:/Users/wuzirui/Desktop/VivadoProjects/SimPU/SimPU.srcs/sources_1/new/register_file.v:37]
WARNING: [Synth 8-327] inferring latch for variable 'gpr_reg[10]' [C:/Users/wuzirui/Desktop/VivadoProjects/SimPU/SimPU.srcs/sources_1/new/register_file.v:37]
WARNING: [Synth 8-327] inferring latch for variable 'gpr_reg[9]' [C:/Users/wuzirui/Desktop/VivadoProjects/SimPU/SimPU.srcs/sources_1/new/register_file.v:37]
WARNING: [Synth 8-327] inferring latch for variable 'gpr_reg[8]' [C:/Users/wuzirui/Desktop/VivadoProjects/SimPU/SimPU.srcs/sources_1/new/register_file.v:37]
WARNING: [Synth 8-327] inferring latch for variable 'gpr_reg[7]' [C:/Users/wuzirui/Desktop/VivadoProjects/SimPU/SimPU.srcs/sources_1/new/register_file.v:37]
WARNING: [Synth 8-327] inferring latch for variable 'gpr_reg[6]' [C:/Users/wuzirui/Desktop/VivadoProjects/SimPU/SimPU.srcs/sources_1/new/register_file.v:37]
WARNING: [Synth 8-327] inferring latch for variable 'gpr_reg[5]' [C:/Users/wuzirui/Desktop/VivadoProjects/SimPU/SimPU.srcs/sources_1/new/register_file.v:37]
WARNING: [Synth 8-327] inferring latch for variable 'gpr_reg[4]' [C:/Users/wuzirui/Desktop/VivadoProjects/SimPU/SimPU.srcs/sources_1/new/register_file.v:37]
WARNING: [Synth 8-327] inferring latch for variable 'gpr_reg[3]' [C:/Users/wuzirui/Desktop/VivadoProjects/SimPU/SimPU.srcs/sources_1/new/register_file.v:37]
WARNING: [Synth 8-327] inferring latch for variable 'gpr_reg[2]' [C:/Users/wuzirui/Desktop/VivadoProjects/SimPU/SimPU.srcs/sources_1/new/register_file.v:37]
WARNING: [Synth 8-327] inferring latch for variable 'gpr_reg[1]' [C:/Users/wuzirui/Desktop/VivadoProjects/SimPU/SimPU.srcs/sources_1/new/register_file.v:37]
WARNING: [Synth 8-327] inferring latch for variable 'gpr_reg[0]' [C:/Users/wuzirui/Desktop/VivadoProjects/SimPU/SimPU.srcs/sources_1/new/register_file.v:37]
---------------------------------------------------------------------------------
Finished RTL Optimization Phase 2 : Time (s): cpu = 00:00:09 ; elapsed = 00:00:09 . Memory (MB): peak = 647.344 ; gain = 316.570
---------------------------------------------------------------------------------

Report RTL Partitions: 
+-+--------------+------------+----------+
| |RTL Partition |Replication |Instances |
+-+--------------+------------+----------+
+-+--------------+------------+----------+
No constraint files found.
---------------------------------------------------------------------------------
Start RTL Component Statistics 
---------------------------------------------------------------------------------
Detailed RTL Component Info : 
+---Adders : 
	   2 Input     32 Bit       Adders := 2     
+---Registers : 
	               32 Bit    Registers := 1     
+---Muxes : 
	   2 Input     32 Bit        Muxes := 7     
	   2 Input      5 Bit        Muxes := 2     
	   2 Input      2 Bit        Muxes := 2     
	   2 Input      1 Bit        Muxes := 43    
---------------------------------------------------------------------------------
Finished RTL Component Statistics 
---------------------------------------------------------------------------------
---------------------------------------------------------------------------------
Start RTL Hierarchical Component Statistics 
---------------------------------------------------------------------------------
Hierarchical RTL Component report 
Module simpc 
Detailed RTL Component Info : 
+---Registers : 
	               32 Bit    Registers := 1     
Module nextpc 
Detailed RTL Component Info : 
+---Adders : 
	   2 Input     32 Bit       Adders := 1     
Module register_file 
Detailed RTL Component Info : 
+---Muxes : 
	   2 Input      1 Bit        Muxes := 32    
Module simalu 
Detailed RTL Component Info : 
+---Adders : 
	   2 Input     32 Bit       Adders := 1     
+---Muxes : 
	   2 Input     32 Bit        Muxes := 2     
Module simcu 
Detailed RTL Component Info : 
+---Muxes : 
	   2 Input     32 Bit        Muxes := 5     
	   2 Input      5 Bit        Muxes := 2     
	   2 Input      2 Bit        Muxes := 2     
	   2 Input      1 Bit        Muxes := 11    
---------------------------------------------------------------------------------
Finished RTL Hierarchical Component Statistics
---------------------------------------------------------------------------------
---------------------------------------------------------------------------------
Start Part Resource Summary
---------------------------------------------------------------------------------
Part Resources:
DSPs: 90 (col length:60)
BRAMs: 100 (col length: RAMB18 60 RAMB36 30)
---------------------------------------------------------------------------------
Finished Part Resource Summary
---------------------------------------------------------------------------------
No constraint files found.
---------------------------------------------------------------------------------
Start Cross Boundary and Area Optimization
---------------------------------------------------------------------------------
Warning: Parallel synthesis criteria is not met 
WARNING: [Synth 8-3331] design register_file has unconnected port clk
WARNING: [Synth 8-3332] Sequential element (simreg/gpr_reg[31][31]) is unused and will be removed from module simpu.
WARNING: [Synth 8-3332] Sequential element (simreg/gpr_reg[31][30]) is unused and will be removed from module simpu.
WARNING: [Synth 8-3332] Sequential element (simreg/gpr_reg[31][29]) is unused and will be removed from module simpu.
WARNING: [Synth 8-3332] Sequential element (simreg/gpr_reg[31][28]) is unused and will be removed from module simpu.
WARNING: [Synth 8-3332] Sequential element (simreg/gpr_reg[31][27]) is unused and will be removed from module simpu.
WARNING: [Synth 8-3332] Sequential element (simreg/gpr_reg[31][26]) is unused and will be removed from module simpu.
WARNING: [Synth 8-3332] Sequential element (simreg/gpr_reg[31][25]) is unused and will be removed from module simpu.
WARNING: [Synth 8-3332] Sequential element (simreg/gpr_reg[31][24]) is unused and will be removed from module simpu.
WARNING: [Synth 8-3332] Sequential element (simreg/gpr_reg[31][23]) is unused and will be removed from module simpu.
WARNING: [Synth 8-3332] Sequential element (simreg/gpr_reg[31][22]) is unused and will be removed from module simpu.
WARNING: [Synth 8-3332] Sequential element (simreg/gpr_reg[31][21]) is unused and will be removed from module simpu.
WARNING: [Synth 8-3332] Sequential element (simreg/gpr_reg[31][20]) is unused and will be removed from module simpu.
WARNING: [Synth 8-3332] Sequential element (simreg/gpr_reg[31][19]) is unused and will be removed from module simpu.
WARNING: [Synth 8-3332] Sequential element (simreg/gpr_reg[31][18]) is unused and will be removed from module simpu.
WARNING: [Synth 8-3332] Sequential element (simreg/gpr_reg[31][17]) is unused and will be removed from module simpu.
WARNING: [Synth 8-3332] Sequential element (simreg/gpr_reg[31][16]) is unused and will be removed from module simpu.
WARNING: [Synth 8-3332] Sequential element (simreg/gpr_reg[31][15]) is unused and will be removed from module simpu.
WARNING: [Synth 8-3332] Sequential element (simreg/gpr_reg[31][14]) is unused and will be removed from module simpu.
WARNING: [Synth 8-3332] Sequential element (simreg/gpr_reg[31][13]) is unused and will be removed from module simpu.
WARNING: [Synth 8-3332] Sequential element (simreg/gpr_reg[31][12]) is unused and will be removed from module simpu.
WARNING: [Synth 8-3332] Sequential element (simreg/gpr_reg[31][11]) is unused and will be removed from module simpu.
WARNING: [Synth 8-3332] Sequential element (simreg/gpr_reg[31][10]) is unused and will be removed from module simpu.
WARNING: [Synth 8-3332] Sequential element (simreg/gpr_reg[31][9]) is unused and will be removed from module simpu.
WARNING: [Synth 8-3332] Sequential element (simreg/gpr_reg[31][8]) is unused and will be removed from module simpu.
WARNING: [Synth 8-3332] Sequential element (simreg/gpr_reg[31][7]) is unused and will be removed from module simpu.
WARNING: [Synth 8-3332] Sequential element (simreg/gpr_reg[31][6]) is unused and will be removed from module simpu.
WARNING: [Synth 8-3332] Sequential element (simreg/gpr_reg[31][5]) is unused and will be removed from module simpu.
WARNING: [Synth 8-3332] Sequential element (simreg/gpr_reg[31][4]) is unused and will be removed from module simpu.
WARNING: [Synth 8-3332] Sequential element (simreg/gpr_reg[31][3]) is unused and will be removed from module simpu.
WARNING: [Synth 8-3332] Sequential element (simreg/gpr_reg[31][2]) is unused and will be removed from module simpu.
WARNING: [Synth 8-3332] Sequential element (simreg/gpr_reg[31][1]) is unused and will be removed from module simpu.
WARNING: [Synth 8-3332] Sequential element (simreg/gpr_reg[31][0]) is unused and will be removed from module simpu.
WARNING: [Synth 8-3332] Sequential element (simreg/gpr_reg[30][31]) is unused and will be removed from module simpu.
WARNING: [Synth 8-3332] Sequential element (simreg/gpr_reg[30][30]) is unused and will be removed from module simpu.
WARNING: [Synth 8-3332] Sequential element (simreg/gpr_reg[30][29]) is unused and will be removed from module simpu.
WARNING: [Synth 8-3332] Sequential element (simreg/gpr_reg[30][28]) is unused and will be removed from module simpu.
WARNING: [Synth 8-3332] Sequential element (simreg/gpr_reg[30][27]) is unused and will be removed from module simpu.
WARNING: [Synth 8-3332] Sequential element (simreg/gpr_reg[30][26]) is unused and will be removed from module simpu.
WARNING: [Synth 8-3332] Sequential element (simreg/gpr_reg[30][25]) is unused and will be removed from module simpu.
WARNING: [Synth 8-3332] Sequential element (simreg/gpr_reg[30][24]) is unused and will be removed from module simpu.
WARNING: [Synth 8-3332] Sequential element (simreg/gpr_reg[30][23]) is unused and will be removed from module simpu.
WARNING: [Synth 8-3332] Sequential element (simreg/gpr_reg[30][22]) is unused and will be removed from module simpu.
WARNING: [Synth 8-3332] Sequential element (simreg/gpr_reg[30][21]) is unused and will be removed from module simpu.
WARNING: [Synth 8-3332] Sequential element (simreg/gpr_reg[30][20]) is unused and will be removed from module simpu.
WARNING: [Synth 8-3332] Sequential element (simreg/gpr_reg[30][19]) is unused and will be removed from module simpu.
WARNING: [Synth 8-3332] Sequential element (simreg/gpr_reg[30][18]) is unused and will be removed from module simpu.
WARNING: [Synth 8-3332] Sequential element (simreg/gpr_reg[30][17]) is unused and will be removed from module simpu.
WARNING: [Synth 8-3332] Sequential element (simreg/gpr_reg[30][16]) is unused and will be removed from module simpu.
WARNING: [Synth 8-3332] Sequential element (simreg/gpr_reg[30][15]) is unused and will be removed from module simpu.
WARNING: [Synth 8-3332] Sequential element (simreg/gpr_reg[30][14]) is unused and will be removed from module simpu.
WARNING: [Synth 8-3332] Sequential element (simreg/gpr_reg[30][13]) is unused and will be removed from module simpu.
WARNING: [Synth 8-3332] Sequential element (simreg/gpr_reg[30][12]) is unused and will be removed from module simpu.
WARNING: [Synth 8-3332] Sequential element (simreg/gpr_reg[30][11]) is unused and will be removed from module simpu.
WARNING: [Synth 8-3332] Sequential element (simreg/gpr_reg[30][10]) is unused and will be removed from module simpu.
WARNING: [Synth 8-3332] Sequential element (simreg/gpr_reg[30][9]) is unused and will be removed from module simpu.
WARNING: [Synth 8-3332] Sequential element (simreg/gpr_reg[30][8]) is unused and will be removed from module simpu.
WARNING: [Synth 8-3332] Sequential element (simreg/gpr_reg[30][7]) is unused and will be removed from module simpu.
WARNING: [Synth 8-3332] Sequential element (simreg/gpr_reg[30][6]) is unused and will be removed from module simpu.
WARNING: [Synth 8-3332] Sequential element (simreg/gpr_reg[30][5]) is unused and will be removed from module simpu.
WARNING: [Synth 8-3332] Sequential element (simreg/gpr_reg[30][4]) is unused and will be removed from module simpu.
WARNING: [Synth 8-3332] Sequential element (simreg/gpr_reg[30][3]) is unused and will be removed from module simpu.
WARNING: [Synth 8-3332] Sequential element (simreg/gpr_reg[30][2]) is unused and will be removed from module simpu.
WARNING: [Synth 8-3332] Sequential element (simreg/gpr_reg[30][1]) is unused and will be removed from module simpu.
WARNING: [Synth 8-3332] Sequential element (simreg/gpr_reg[30][0]) is unused and will be removed from module simpu.
WARNING: [Synth 8-3332] Sequential element (simreg/gpr_reg[29][31]) is unused and will be removed from module simpu.
WARNING: [Synth 8-3332] Sequential element (simreg/gpr_reg[29][30]) is unused and will be removed from module simpu.
WARNING: [Synth 8-3332] Sequential element (simreg/gpr_reg[29][29]) is unused and will be removed from module simpu.
WARNING: [Synth 8-3332] Sequential element (simreg/gpr_reg[29][28]) is unused and will be removed from module simpu.
WARNING: [Synth 8-3332] Sequential element (simreg/gpr_reg[29][27]) is unused and will be removed from module simpu.
WARNING: [Synth 8-3332] Sequential element (simreg/gpr_reg[29][26]) is unused and will be removed from module simpu.
WARNING: [Synth 8-3332] Sequential element (simreg/gpr_reg[29][25]) is unused and will be removed from module simpu.
WARNING: [Synth 8-3332] Sequential element (simreg/gpr_reg[29][24]) is unused and will be removed from module simpu.
WARNING: [Synth 8-3332] Sequential element (simreg/gpr_reg[29][23]) is unused and will be removed from module simpu.
WARNING: [Synth 8-3332] Sequential element (simreg/gpr_reg[29][22]) is unused and will be removed from module simpu.
WARNING: [Synth 8-3332] Sequential element (simreg/gpr_reg[29][21]) is unused and will be removed from module simpu.
WARNING: [Synth 8-3332] Sequential element (simreg/gpr_reg[29][20]) is unused and will be removed from module simpu.
WARNING: [Synth 8-3332] Sequential element (simreg/gpr_reg[29][19]) is unused and will be removed from module simpu.
WARNING: [Synth 8-3332] Sequential element (simreg/gpr_reg[29][18]) is unused and will be removed from module simpu.
WARNING: [Synth 8-3332] Sequential element (simreg/gpr_reg[29][17]) is unused and will be removed from module simpu.
WARNING: [Synth 8-3332] Sequential element (simreg/gpr_reg[29][16]) is unused and will be removed from module simpu.
WARNING: [Synth 8-3332] Sequential element (simreg/gpr_reg[29][15]) is unused and will be removed from module simpu.
WARNING: [Synth 8-3332] Sequential element (simreg/gpr_reg[29][14]) is unused and will be removed from module simpu.
WARNING: [Synth 8-3332] Sequential element (simreg/gpr_reg[29][13]) is unused and will be removed from module simpu.
WARNING: [Synth 8-3332] Sequential element (simreg/gpr_reg[29][12]) is unused and will be removed from module simpu.
WARNING: [Synth 8-3332] Sequential element (simreg/gpr_reg[29][11]) is unused and will be removed from module simpu.
WARNING: [Synth 8-3332] Sequential element (simreg/gpr_reg[29][10]) is unused and will be removed from module simpu.
WARNING: [Synth 8-3332] Sequential element (simreg/gpr_reg[29][9]) is unused and will be removed from module simpu.
WARNING: [Synth 8-3332] Sequential element (simreg/gpr_reg[29][8]) is unused and will be removed from module simpu.
WARNING: [Synth 8-3332] Sequential element (simreg/gpr_reg[29][7]) is unused and will be removed from module simpu.
WARNING: [Synth 8-3332] Sequential element (simreg/gpr_reg[29][6]) is unused and will be removed from module simpu.
WARNING: [Synth 8-3332] Sequential element (simreg/gpr_reg[29][5]) is unused and will be removed from module simpu.
WARNING: [Synth 8-3332] Sequential element (simreg/gpr_reg[29][4]) is unused and will be removed from module simpu.
WARNING: [Synth 8-3332] Sequential element (simreg/gpr_reg[29][3]) is unused and will be removed from module simpu.
WARNING: [Synth 8-3332] Sequential element (simreg/gpr_reg[29][2]) is unused and will be removed from module simpu.
WARNING: [Synth 8-3332] Sequential element (simreg/gpr_reg[29][1]) is unused and will be removed from module simpu.
WARNING: [Synth 8-3332] Sequential element (simreg/gpr_reg[29][0]) is unused and will be removed from module simpu.
WARNING: [Synth 8-3332] Sequential element (simreg/gpr_reg[28][31]) is unused and will be removed from module simpu.
WARNING: [Synth 8-3332] Sequential element (simreg/gpr_reg[28][30]) is unused and will be removed from module simpu.
WARNING: [Synth 8-3332] Sequential element (simreg/gpr_reg[28][29]) is unused and will be removed from module simpu.
WARNING: [Synth 8-3332] Sequential element (simreg/gpr_reg[28][28]) is unused and will be removed from module simpu.
INFO: [Common 17-14] Message 'Synth 8-3332' appears 100 times and further instances of the messages will be disabled. Use the Tcl command set_msg_config to change the current settings.
---------------------------------------------------------------------------------
Finished Cross Boundary and Area Optimization : Time (s): cpu = 00:00:19 ; elapsed = 00:00:19 . Memory (MB): peak = 817.426 ; gain = 486.652
---------------------------------------------------------------------------------

Report RTL Partitions: 
+-+--------------+------------+----------+
| |RTL Partition |Replication |Instances |
+-+--------------+------------+----------+
+-+--------------+------------+----------+
No constraint files found.
---------------------------------------------------------------------------------
Start Timing Optimization
---------------------------------------------------------------------------------
---------------------------------------------------------------------------------
Finished Timing Optimization : Time (s): cpu = 00:00:19 ; elapsed = 00:00:19 . Memory (MB): peak = 825.723 ; gain = 494.949
---------------------------------------------------------------------------------

Report RTL Partitions: 
+-+--------------+------------+----------+
| |RTL Partition |Replication |Instances |
+-+--------------+------------+----------+
+-+--------------+------------+----------+
---------------------------------------------------------------------------------
Start Technology Mapping
---------------------------------------------------------------------------------
---------------------------------------------------------------------------------
Finished Technology Mapping : Time (s): cpu = 00:00:19 ; elapsed = 00:00:19 . Memory (MB): peak = 825.723 ; gain = 494.949
---------------------------------------------------------------------------------

Report RTL Partitions: 
+-+--------------+------------+----------+
| |RTL Partition |Replication |Instances |
+-+--------------+------------+----------+
+-+--------------+------------+----------+
---------------------------------------------------------------------------------
Start IO Insertion
---------------------------------------------------------------------------------
---------------------------------------------------------------------------------
Start Flattening Before IO Insertion
---------------------------------------------------------------------------------
---------------------------------------------------------------------------------
Finished Flattening Before IO Insertion
---------------------------------------------------------------------------------
---------------------------------------------------------------------------------
Start Final Netlist Cleanup
---------------------------------------------------------------------------------
---------------------------------------------------------------------------------
Finished Final Netlist Cleanup
---------------------------------------------------------------------------------
---------------------------------------------------------------------------------
Finished IO Insertion : Time (s): cpu = 00:00:24 ; elapsed = 00:00:24 . Memory (MB): peak = 825.723 ; gain = 494.949
---------------------------------------------------------------------------------
---------------------------------------------------------------------------------
Start Renaming Generated Instances
---------------------------------------------------------------------------------
---------------------------------------------------------------------------------
Finished Renaming Generated Instances : Time (s): cpu = 00:00:24 ; elapsed = 00:00:24 . Memory (MB): peak = 825.723 ; gain = 494.949
---------------------------------------------------------------------------------

Report RTL Partitions: 
+-+--------------+------------+----------+
| |RTL Partition |Replication |Instances |
+-+--------------+------------+----------+
+-+--------------+------------+----------+

Report Check Netlist: 
+------+------------------+-------+---------+-------+------------------+
|      |Item              |Errors |Warnings |Status |Description       |
+------+------------------+-------+---------+-------+------------------+
|1     |multi_driven_nets |      0|        0|Passed |Multi driven nets |
+------+------------------+-------+---------+-------+------------------+
---------------------------------------------------------------------------------
Start Rebuilding User Hierarchy
---------------------------------------------------------------------------------
---------------------------------------------------------------------------------
Finished Rebuilding User Hierarchy : Time (s): cpu = 00:00:24 ; elapsed = 00:00:24 . Memory (MB): peak = 825.723 ; gain = 494.949
---------------------------------------------------------------------------------
---------------------------------------------------------------------------------
Start Renaming Generated Ports
---------------------------------------------------------------------------------
---------------------------------------------------------------------------------
Finished Renaming Generated Ports : Time (s): cpu = 00:00:24 ; elapsed = 00:00:24 . Memory (MB): peak = 825.723 ; gain = 494.949
---------------------------------------------------------------------------------
---------------------------------------------------------------------------------
Start Handling Custom Attributes
---------------------------------------------------------------------------------
---------------------------------------------------------------------------------
Finished Handling Custom Attributes : Time (s): cpu = 00:00:24 ; elapsed = 00:00:24 . Memory (MB): peak = 825.723 ; gain = 494.949
---------------------------------------------------------------------------------
---------------------------------------------------------------------------------
Start Renaming Generated Nets
---------------------------------------------------------------------------------
---------------------------------------------------------------------------------
Finished Renaming Generated Nets : Time (s): cpu = 00:00:24 ; elapsed = 00:00:24 . Memory (MB): peak = 825.723 ; gain = 494.949
---------------------------------------------------------------------------------
---------------------------------------------------------------------------------
Start Writing Synthesis Report
---------------------------------------------------------------------------------

Report BlackBoxes: 
+-+--------------+----------+
| |BlackBox name |Instances |
+-+--------------+----------+
+-+--------------+----------+

Report Cell Usage: 
+-+-----+------+
| |Cell |Count |
+-+-----+------+
+-+-----+------+

Report Instance Areas: 
+------+---------+-------+------+
|      |Instance |Module |Cells |
+------+---------+-------+------+
|1     |top      |       |     0|
+------+---------+-------+------+
---------------------------------------------------------------------------------
Finished Writing Synthesis Report : Time (s): cpu = 00:00:24 ; elapsed = 00:00:24 . Memory (MB): peak = 825.723 ; gain = 494.949
---------------------------------------------------------------------------------
Synthesis finished with 0 errors, 0 critical warnings and 2137 warnings.
Synthesis Optimization Runtime : Time (s): cpu = 00:00:24 ; elapsed = 00:00:24 . Memory (MB): peak = 825.723 ; gain = 494.949
Synthesis Optimization Complete : Time (s): cpu = 00:00:24 ; elapsed = 00:00:24 . Memory (MB): peak = 825.723 ; gain = 494.949
INFO: [Project 1-571] Translating synthesized netlist
Netlist sorting complete. Time (s): cpu = 00:00:00 ; elapsed = 00:00:00 . Memory (MB): peak = 825.762 ; gain = 0.000
INFO: [Project 1-570] Preparing netlist for logic optimization
INFO: [Opt 31-138] Pushed 0 inverter(s) to 0 load pin(s).
Netlist sorting complete. Time (s): cpu = 00:00:00 ; elapsed = 00:00:00 . Memory (MB): peak = 899.934 ; gain = 0.000
INFO: [Project 1-111] Unisim Transformation Summary:
No Unisim elements were transformed.

INFO: [Common 17-83] Releasing license: Synthesis
23 Infos, 289 Warnings, 0 Critical Warnings and 0 Errors encountered.
synth_design completed successfully
synth_design: Time (s): cpu = 00:00:28 ; elapsed = 00:00:29 . Memory (MB): peak = 899.934 ; gain = 593.031
Netlist sorting complete. Time (s): cpu = 00:00:00 ; elapsed = 00:00:00.001 . Memory (MB): peak = 899.934 ; gain = 0.000
WARNING: [Constraints 18-5210] No constraints selected for write.
Resolution: This message can indicate that there are no constraints for the design, or it can indicate that the used_in flags are set such that the constraints are ignored. This later case is used when running synth_design to not write synthesis constraints to the resulting checkpoint. Instead, project constraints are read when the synthesized design is opened.
INFO: [Common 17-1381] The checkpoint 'C:/Users/wuzirui/Desktop/VivadoProjects/SimPU/SimPU.runs/synth_1/simpu.dcp' has been generated.
INFO: [runtcl-4] Executing : report_utilization -file simpu_utilization_synth.rpt -pb simpu_utilization_synth.pb
INFO: [Common 17-206] Exiting Vivado at Tue Aug 23 23:29:02 2022...
